-- The C compiler identification is GNU 11.4.0
-- The CXX compiler identification is GNU 11.4.0
-- Detecting C compiler ABI info
-- Detecting C compiler ABI info - done
-- Check for working C compiler: /usr/bin/cc - skipped
-- Detecting C compile features
-- Detecting C compile features - done
-- Detecting CXX compiler ABI info
-- Detecting CXX compiler ABI info - done
-- Check for working CXX compiler: /usr/bin/c++ - skipped
-- Detecting CXX compile features
-- Detecting CXX compile features - done
-- Found ament_cmake: 2.0.6 (/opt/ros/iron/share/ament_cmake/cmake)
-- Found Python3: /usr/bin/python3.10 (found version "3.10.12") found components: Interpreter 
-- Override CMake install command with custom implementation using symlinks instead of copying resources
-- Found rclcpp: 21.0.7 (/opt/ros/iron/share/rclcpp/cmake)
-- Found rosidl_generator_c: 4.0.1 (/opt/ros/iron/share/rosidl_generator_c/cmake)
-- Found rosidl_generator_cpp: 4.0.1 (/opt/ros/iron/share/rosidl_generator_cpp/cmake)
-- Using all available rosidl_typesupport_c: rosidl_typesupport_fastrtps_c;rosidl_typesupport_introspection_c
-- Using all available rosidl_typesupport_cpp: rosidl_typesupport_fastrtps_cpp;rosidl_typesupport_introspection_cpp
-- Found rmw_implementation_cmake: 7.1.0 (/opt/ros/iron/share/rmw_implementation_cmake/cmake)
-- Found rmw_fastrtps_cpp: 7.1.4 (/opt/ros/iron/share/rmw_fastrtps_cpp/cmake)
-- Found OpenSSL: /usr/lib/x86_64-linux-gnu/libcrypto.so (found version "3.0.2")  
-- Found FastRTPS: /opt/ros/iron/include  
-- Using RMW implementation 'rmw_fastrtps_cpp' as default
-- Found std_msgs: 5.0.1 (/opt/ros/iron/share/std_msgs/cmake)
-- Found geometry_msgs: 5.0.1 (/opt/ros/iron/share/geometry_msgs/cmake)
-- Found visualization_msgs: 5.0.1 (/opt/ros/iron/share/visualization_msgs/cmake)
-- Found tf2: 0.31.8 (/opt/ros/iron/share/tf2/cmake)
-- Found tf2_ros: 0.31.8 (/opt/ros/iron/share/tf2_ros/cmake)
-- Found ament_lint_auto: 0.14.4 (/opt/ros/iron/share/ament_lint_auto/cmake)
-- Added test 'cppcheck' to perform static code analysis on C / C++ code
-- Configured cppcheck include dirs: /home/yk/ros2_ws/src/ros2_turtlebot_simulator/include
-- Configured cppcheck exclude dirs and/or files: 
-- Added test 'flake8' to check Python code syntax and style conventions
-- Configured 'flake8' exclude dirs and/or files: 
-- Added test 'lint_cmake' to check CMake code style
-- Added test 'pep257' to check Python code against some of the docstring style conventions in PEP 257
-- Added test 'uncrustify' to check C / C++ code style
-- Configured uncrustify additional arguments: 
-- Added test 'xmllint' to check XML markup files
-- Configuring done
-- Generating done
-- Build files have been written to: /home/yk/ros2_ws/src/ros2_turtlebot_simulator/build/ros2_turtlebot_simulator
[ 16%] [32mBuilding CXX object CMakeFiles/cmd_publisher_node.dir/src/cmd_publisher_node.cpp.o[0m
[ 33%] [32mBuilding CXX object CMakeFiles/cmd_publisher_node.dir/src/cmd_publisher.cpp.o[0m
[ 66%] [32mBuilding CXX object CMakeFiles/simulator_node.dir/src/simulator.cpp.o[0m
[ 66%] [32mBuilding CXX object CMakeFiles/simulator_node.dir/src/simulator_node.cpp.o[0m
[ 83%] [32m[1mLinking CXX executable cmd_publisher_node[0m
[ 83%] Built target cmd_publisher_node
[100%] [32m[1mLinking CXX executable simulator_node[0m
[100%] Built target simulator_node
-- Install configuration: "RelWithDebInfo"
-- Execute custom install script
-- Symlinking: /home/yk/ros2_ws/src/ros2_turtlebot_simulator/install/ros2_turtlebot_simulator/lib/ros2_turtlebot_simulator/cmd_publisher_node
-- Symlinking: /home/yk/ros2_ws/src/ros2_turtlebot_simulator/install/ros2_turtlebot_simulator/lib/ros2_turtlebot_simulator/simulator_node
-- Symlinking: /home/yk/ros2_ws/src/ros2_turtlebot_simulator/install/ros2_turtlebot_simulator/share/ros2_turtlebot_simulator/launch/simulation_launch.py
-- Symlinking: /home/yk/ros2_ws/src/ros2_turtlebot_simulator/install/ros2_turtlebot_simulator/share/ros2_turtlebot_simulator/mesh/quadrotor_3.dae
-- Symlinking: /home/yk/ros2_ws/src/ros2_turtlebot_simulator/install/ros2_turtlebot_simulator/share/ament_index/resource_index/package_run_dependencies/ros2_turtlebot_simulator
-- Symlinking: /home/yk/ros2_ws/src/ros2_turtlebot_simulator/install/ros2_turtlebot_simulator/share/ament_index/resource_index/parent_prefix_path/ros2_turtlebot_simulator
-- Symlinking: /home/yk/ros2_ws/src/ros2_turtlebot_simulator/install/ros2_turtlebot_simulator/share/ros2_turtlebot_simulator/environment/ament_prefix_path.sh
-- Symlinking: /home/yk/ros2_ws/src/ros2_turtlebot_simulator/install/ros2_turtlebot_simulator/share/ros2_turtlebot_simulator/environment/ament_prefix_path.dsv
-- Symlinking: /home/yk/ros2_ws/src/ros2_turtlebot_simulator/install/ros2_turtlebot_simulator/share/ros2_turtlebot_simulator/environment/path.sh
-- Symlinking: /home/yk/ros2_ws/src/ros2_turtlebot_simulator/install/ros2_turtlebot_simulator/share/ros2_turtlebot_simulator/environment/path.dsv
-- Symlinking: /home/yk/ros2_ws/src/ros2_turtlebot_simulator/install/ros2_turtlebot_simulator/share/ros2_turtlebot_simulator/local_setup.bash
-- Symlinking: /home/yk/ros2_ws/src/ros2_turtlebot_simulator/install/ros2_turtlebot_simulator/share/ros2_turtlebot_simulator/local_setup.sh
-- Symlinking: /home/yk/ros2_ws/src/ros2_turtlebot_simulator/install/ros2_turtlebot_simulator/share/ros2_turtlebot_simulator/local_setup.zsh
-- Symlinking: /home/yk/ros2_ws/src/ros2_turtlebot_simulator/install/ros2_turtlebot_simulator/share/ros2_turtlebot_simulator/local_setup.dsv
-- Symlinking: /home/yk/ros2_ws/src/ros2_turtlebot_simulator/install/ros2_turtlebot_simulator/share/ros2_turtlebot_simulator/package.dsv
-- Symlinking: /home/yk/ros2_ws/src/ros2_turtlebot_simulator/install/ros2_turtlebot_simulator/share/ament_index/resource_index/packages/ros2_turtlebot_simulator
-- Symlinking: /home/yk/ros2_ws/src/ros2_turtlebot_simulator/install/ros2_turtlebot_simulator/share/ros2_turtlebot_simulator/cmake/ros2_turtlebot_simulatorConfig.cmake
-- Symlinking: /home/yk/ros2_ws/src/ros2_turtlebot_simulator/install/ros2_turtlebot_simulator/share/ros2_turtlebot_simulator/cmake/ros2_turtlebot_simulatorConfig-version.cmake
-- Symlinking: /home/yk/ros2_ws/src/ros2_turtlebot_simulator/install/ros2_turtlebot_simulator/share/ros2_turtlebot_simulator/package.xml
