[0.005s] Invoking command in '/home/yk/ros2_ws/src/ros2_turtlebot_simulator/build/ros2_turtlebot_simulator': CMAKE_PREFIX_PATH=${CMAKE_PREFIX_PATH}:/opt/ros/iron /usr/bin/cmake /home/yk/ros2_ws/src/ros2_turtlebot_simulator -DCMAKE_BUILD_TYPE=RelWithDebInfo -DAMENT_CMAKE_SYMLINK_INSTALL=1 -DCMAKE_INSTALL_PREFIX=/home/yk/ros2_ws/src/ros2_turtlebot_simulator/install/ros2_turtlebot_simulator
[0.093s] -- The C compiler identification is GNU 11.4.0
[0.144s] -- The CXX compiler identification is GNU 11.4.0
[0.149s] -- Detecting C compiler ABI info
[0.190s] -- Detecting C compiler ABI info - done
[0.194s] -- Check for working C compiler: /usr/bin/cc - skipped
[0.194s] -- Detecting C compile features
[0.194s] -- Detecting C compile features - done
[0.196s] -- Detecting CXX compiler ABI info
[0.281s] -- Detecting CXX compiler ABI info - done
[0.284s] -- Check for working CXX compiler: /usr/bin/c++ - skipped
[0.285s] -- Detecting CXX compile features
[0.285s] -- Detecting CXX compile features - done
[0.286s] -- Found ament_cmake: 2.0.6 (/opt/ros/iron/share/ament_cmake/cmake)
[0.430s] -- Found Python3: /usr/bin/python3.10 (found version "3.10.12") found components: Interpreter 
[0.476s] -- Override CMake install command with custom implementation using symlinks instead of copying resources
[0.487s] -- Found rclcpp: 21.0.7 (/opt/ros/iron/share/rclcpp/cmake)
[0.513s] -- Found rosidl_generator_c: 4.0.1 (/opt/ros/iron/share/rosidl_generator_c/cmake)
[0.520s] -- Found rosidl_generator_cpp: 4.0.1 (/opt/ros/iron/share/rosidl_generator_cpp/cmake)
[0.527s] -- Using all available rosidl_typesupport_c: rosidl_typesupport_fastrtps_c;rosidl_typesupport_introspection_c
[0.536s] -- Using all available rosidl_typesupport_cpp: rosidl_typesupport_fastrtps_cpp;rosidl_typesupport_introspection_cpp
[0.614s] -- Found rmw_implementation_cmake: 7.1.0 (/opt/ros/iron/share/rmw_implementation_cmake/cmake)
[0.615s] -- Found rmw_fastrtps_cpp: 7.1.4 (/opt/ros/iron/share/rmw_fastrtps_cpp/cmake)
[0.670s] -- Found OpenSSL: /usr/lib/x86_64-linux-gnu/libcrypto.so (found version "3.0.2")  
[0.684s] -- Found FastRTPS: /opt/ros/iron/include  
[0.707s] -- Using RMW implementation 'rmw_fastrtps_cpp' as default
[0.792s] -- Found std_msgs: 5.0.1 (/opt/ros/iron/share/std_msgs/cmake)
[0.807s] -- Found geometry_msgs: 5.0.1 (/opt/ros/iron/share/geometry_msgs/cmake)
[0.827s] -- Found visualization_msgs: 5.0.1 (/opt/ros/iron/share/visualization_msgs/cmake)
[0.974s] -- Found tf2: 0.31.8 (/opt/ros/iron/share/tf2/cmake)
[0.981s] -- Found tf2_ros: 0.31.8 (/opt/ros/iron/share/tf2_ros/cmake)
[1.188s] -- Found ament_lint_auto: 0.14.4 (/opt/ros/iron/share/ament_lint_auto/cmake)
[1.227s] -- Added test 'cppcheck' to perform static code analysis on C / C++ code
[1.227s] -- Configured cppcheck include dirs: /home/yk/ros2_ws/src/ros2_turtlebot_simulator/include
[1.227s] -- Configured cppcheck exclude dirs and/or files: 
[1.227s] -- Added test 'flake8' to check Python code syntax and style conventions
[1.227s] -- Configured 'flake8' exclude dirs and/or files: 
[1.228s] -- Added test 'lint_cmake' to check CMake code style
[1.228s] -- Added test 'pep257' to check Python code against some of the docstring style conventions in PEP 257
[1.230s] -- Added test 'uncrustify' to check C / C++ code style
[1.230s] -- Configured uncrustify additional arguments: 
[1.231s] -- Added test 'xmllint' to check XML markup files
[1.231s] -- Configuring done
[1.239s] -- Generating done
[1.240s] -- Build files have been written to: /home/yk/ros2_ws/src/ros2_turtlebot_simulator/build/ros2_turtlebot_simulator
[1.245s] Invoked command in '/home/yk/ros2_ws/src/ros2_turtlebot_simulator/build/ros2_turtlebot_simulator' returned '0': CMAKE_PREFIX_PATH=${CMAKE_PREFIX_PATH}:/opt/ros/iron /usr/bin/cmake /home/yk/ros2_ws/src/ros2_turtlebot_simulator -DCMAKE_BUILD_TYPE=RelWithDebInfo -DAMENT_CMAKE_SYMLINK_INSTALL=1 -DCMAKE_INSTALL_PREFIX=/home/yk/ros2_ws/src/ros2_turtlebot_simulator/install/ros2_turtlebot_simulator
[1.246s] Invoking command in '/home/yk/ros2_ws/src/ros2_turtlebot_simulator/build/ros2_turtlebot_simulator': CMAKE_PREFIX_PATH=${CMAKE_PREFIX_PATH}:/opt/ros/iron /usr/bin/cmake --build /home/yk/ros2_ws/src/ros2_turtlebot_simulator/build/ros2_turtlebot_simulator -- -j28 -l28
[1.274s] [ 16%] [32mBuilding CXX object CMakeFiles/cmd_publisher_node.dir/src/cmd_publisher_node.cpp.o[0m
[1.275s] [ 33%] [32mBuilding CXX object CMakeFiles/cmd_publisher_node.dir/src/cmd_publisher.cpp.o[0m
[1.276s] [ 66%] [32mBuilding CXX object CMakeFiles/simulator_node.dir/src/simulator.cpp.o[0m
[1.276s] [ 66%] [32mBuilding CXX object CMakeFiles/simulator_node.dir/src/simulator_node.cpp.o[0m
[4.780s] [ 83%] [32m[1mLinking CXX executable cmd_publisher_node[0m
[4.880s] [ 83%] Built target cmd_publisher_node
[7.944s] [100%] [32m[1mLinking CXX executable simulator_node[0m
[8.086s] [100%] Built target simulator_node
[8.096s] Invoked command in '/home/yk/ros2_ws/src/ros2_turtlebot_simulator/build/ros2_turtlebot_simulator' returned '0': CMAKE_PREFIX_PATH=${CMAKE_PREFIX_PATH}:/opt/ros/iron /usr/bin/cmake --build /home/yk/ros2_ws/src/ros2_turtlebot_simulator/build/ros2_turtlebot_simulator -- -j28 -l28
[8.135s] Invoking command in '/home/yk/ros2_ws/src/ros2_turtlebot_simulator/build/ros2_turtlebot_simulator': CMAKE_PREFIX_PATH=${CMAKE_PREFIX_PATH}:/opt/ros/iron /usr/bin/cmake --install /home/yk/ros2_ws/src/ros2_turtlebot_simulator/build/ros2_turtlebot_simulator
[8.147s] -- Install configuration: "RelWithDebInfo"
[8.148s] -- Execute custom install script
[8.148s] -- Symlinking: /home/yk/ros2_ws/src/ros2_turtlebot_simulator/install/ros2_turtlebot_simulator/lib/ros2_turtlebot_simulator/cmd_publisher_node
[8.162s] -- Symlinking: /home/yk/ros2_ws/src/ros2_turtlebot_simulator/install/ros2_turtlebot_simulator/lib/ros2_turtlebot_simulator/simulator_node
[8.172s] -- Symlinking: /home/yk/ros2_ws/src/ros2_turtlebot_simulator/install/ros2_turtlebot_simulator/share/ros2_turtlebot_simulator/launch/simulation_launch.py
[8.182s] -- Symlinking: /home/yk/ros2_ws/src/ros2_turtlebot_simulator/install/ros2_turtlebot_simulator/share/ros2_turtlebot_simulator/mesh/quadrotor_3.dae
[8.191s] -- Symlinking: /home/yk/ros2_ws/src/ros2_turtlebot_simulator/install/ros2_turtlebot_simulator/share/ament_index/resource_index/package_run_dependencies/ros2_turtlebot_simulator
[8.197s] -- Symlinking: /home/yk/ros2_ws/src/ros2_turtlebot_simulator/install/ros2_turtlebot_simulator/share/ament_index/resource_index/parent_prefix_path/ros2_turtlebot_simulator
[8.201s] -- Symlinking: /home/yk/ros2_ws/src/ros2_turtlebot_simulator/install/ros2_turtlebot_simulator/share/ros2_turtlebot_simulator/environment/ament_prefix_path.sh
[8.207s] -- Symlinking: /home/yk/ros2_ws/src/ros2_turtlebot_simulator/install/ros2_turtlebot_simulator/share/ros2_turtlebot_simulator/environment/ament_prefix_path.dsv
[8.212s] -- Symlinking: /home/yk/ros2_ws/src/ros2_turtlebot_simulator/install/ros2_turtlebot_simulator/share/ros2_turtlebot_simulator/environment/path.sh
[8.216s] -- Symlinking: /home/yk/ros2_ws/src/ros2_turtlebot_simulator/install/ros2_turtlebot_simulator/share/ros2_turtlebot_simulator/environment/path.dsv
[8.221s] -- Symlinking: /home/yk/ros2_ws/src/ros2_turtlebot_simulator/install/ros2_turtlebot_simulator/share/ros2_turtlebot_simulator/local_setup.bash
[8.227s] -- Symlinking: /home/yk/ros2_ws/src/ros2_turtlebot_simulator/install/ros2_turtlebot_simulator/share/ros2_turtlebot_simulator/local_setup.sh
[8.232s] -- Symlinking: /home/yk/ros2_ws/src/ros2_turtlebot_simulator/install/ros2_turtlebot_simulator/share/ros2_turtlebot_simulator/local_setup.zsh
[8.238s] -- Symlinking: /home/yk/ros2_ws/src/ros2_turtlebot_simulator/install/ros2_turtlebot_simulator/share/ros2_turtlebot_simulator/local_setup.dsv
[8.242s] -- Symlinking: /home/yk/ros2_ws/src/ros2_turtlebot_simulator/install/ros2_turtlebot_simulator/share/ros2_turtlebot_simulator/package.dsv
[8.247s] -- Symlinking: /home/yk/ros2_ws/src/ros2_turtlebot_simulator/install/ros2_turtlebot_simulator/share/ament_index/resource_index/packages/ros2_turtlebot_simulator
[8.251s] -- Symlinking: /home/yk/ros2_ws/src/ros2_turtlebot_simulator/install/ros2_turtlebot_simulator/share/ros2_turtlebot_simulator/cmake/ros2_turtlebot_simulatorConfig.cmake
[8.254s] -- Symlinking: /home/yk/ros2_ws/src/ros2_turtlebot_simulator/install/ros2_turtlebot_simulator/share/ros2_turtlebot_simulator/cmake/ros2_turtlebot_simulatorConfig-version.cmake
[8.258s] -- Symlinking: /home/yk/ros2_ws/src/ros2_turtlebot_simulator/install/ros2_turtlebot_simulator/share/ros2_turtlebot_simulator/package.xml
[8.263s] Invoked command in '/home/yk/ros2_ws/src/ros2_turtlebot_simulator/build/ros2_turtlebot_simulator' returned '0': CMAKE_PREFIX_PATH=${CMAKE_PREFIX_PATH}:/opt/ros/iron /usr/bin/cmake --install /home/yk/ros2_ws/src/ros2_turtlebot_simulator/build/ros2_turtlebot_simulator
